{
  "/home/kshiva/prj/github.com/kshiva1126/ambient-flow/playwright.config.ts": {
    "path": "/home/kshiva/prj/github.com/kshiva1126/ambient-flow/playwright.config.ts",
    "all": true,
    "statementMap": {
      "0": {
        "start": { "line": 1, "column": 0 },
        "end": { "line": 1, "column": 56 }
      },
      "2": {
        "start": { "line": 3, "column": 0 },
        "end": { "line": 3, "column": 29 }
      },
      "3": {
        "start": { "line": 4, "column": 0 },
        "end": { "line": 4, "column": 19 }
      },
      "4": {
        "start": { "line": 5, "column": 0 },
        "end": { "line": 5, "column": 22 }
      },
      "5": {
        "start": { "line": 6, "column": 0 },
        "end": { "line": 6, "column": 31 }
      },
      "6": {
        "start": { "line": 7, "column": 0 },
        "end": { "line": 7, "column": 34 }
      },
      "7": {
        "start": { "line": 8, "column": 0 },
        "end": { "line": 8, "column": 42 }
      },
      "8": {
        "start": { "line": 9, "column": 0 },
        "end": { "line": 9, "column": 19 }
      },
      "9": {
        "start": { "line": 10, "column": 0 },
        "end": { "line": 10, "column": 8 }
      },
      "10": {
        "start": { "line": 11, "column": 0 },
        "end": { "line": 11, "column": 37 }
      },
      "11": {
        "start": { "line": 12, "column": 0 },
        "end": { "line": 12, "column": 28 }
      },
      "12": {
        "start": { "line": 13, "column": 0 },
        "end": { "line": 13, "column": 34 }
      },
      "13": {
        "start": { "line": 14, "column": 0 },
        "end": { "line": 14, "column": 19 }
      },
      "14": {
        "start": { "line": 15, "column": 0 },
        "end": { "line": 15, "column": 4 }
      },
      "16": {
        "start": { "line": 17, "column": 0 },
        "end": { "line": 17, "column": 13 }
      },
      "17": {
        "start": { "line": 18, "column": 0 },
        "end": { "line": 18, "column": 5 }
      },
      "18": {
        "start": { "line": 19, "column": 0 },
        "end": { "line": 19, "column": 23 }
      },
      "19": {
        "start": { "line": 20, "column": 0 },
        "end": { "line": 20, "column": 44 }
      },
      "20": {
        "start": { "line": 21, "column": 0 },
        "end": { "line": 21, "column": 6 }
      },
      "22": {
        "start": { "line": 23, "column": 0 },
        "end": { "line": 23, "column": 5 }
      },
      "23": {
        "start": { "line": 24, "column": 0 },
        "end": { "line": 24, "column": 22 }
      },
      "24": {
        "start": { "line": 25, "column": 0 },
        "end": { "line": 25, "column": 45 }
      },
      "25": {
        "start": { "line": 26, "column": 0 },
        "end": { "line": 26, "column": 6 }
      },
      "27": {
        "start": { "line": 28, "column": 0 },
        "end": { "line": 28, "column": 5 }
      },
      "28": {
        "start": { "line": 29, "column": 0 },
        "end": { "line": 29, "column": 21 }
      },
      "29": {
        "start": { "line": 30, "column": 0 },
        "end": { "line": 30, "column": 44 }
      },
      "30": {
        "start": { "line": 31, "column": 0 },
        "end": { "line": 31, "column": 6 }
      },
      "31": {
        "start": { "line": 32, "column": 0 },
        "end": { "line": 32, "column": 4 }
      },
      "33": {
        "start": { "line": 34, "column": 0 },
        "end": { "line": 34, "column": 14 }
      },
      "34": {
        "start": { "line": 35, "column": 0 },
        "end": { "line": 35, "column": 24 }
      },
      "35": {
        "start": { "line": 36, "column": 0 },
        "end": { "line": 36, "column": 15 }
      },
      "36": {
        "start": { "line": 37, "column": 0 },
        "end": { "line": 37, "column": 41 }
      },
      "37": {
        "start": { "line": 38, "column": 0 },
        "end": { "line": 38, "column": 24 }
      },
      "38": {
        "start": { "line": 39, "column": 0 },
        "end": { "line": 39, "column": 4 }
      },
      "39": {
        "start": { "line": 40, "column": 0 },
        "end": { "line": 40, "column": 2 }
      }
    },
    "s": {
      "0": 0,
      "2": 0,
      "3": 0,
      "4": 0,
      "5": 0,
      "6": 0,
      "7": 0,
      "8": 0,
      "9": 0,
      "10": 0,
      "11": 0,
      "12": 0,
      "13": 0,
      "14": 0,
      "16": 0,
      "17": 0,
      "18": 0,
      "19": 0,
      "20": 0,
      "22": 0,
      "23": 0,
      "24": 0,
      "25": 0,
      "27": 0,
      "28": 0,
      "29": 0,
      "30": 0,
      "31": 0,
      "33": 0,
      "34": 0,
      "35": 0,
      "36": 0,
      "37": 0,
      "38": 0,
      "39": 0
    },
    "branchMap": {
      "0": {
        "type": "branch",
        "line": 1,
        "loc": {
          "start": { "line": 1, "column": 794 },
          "end": { "line": 40, "column": 2 }
        },
        "locations": [
          {
            "start": { "line": 1, "column": 794 },
            "end": { "line": 40, "column": 2 }
          }
        ]
      }
    },
    "b": { "0": [0] },
    "fnMap": {
      "0": {
        "name": "(empty-report)",
        "decl": {
          "start": { "line": 1, "column": 794 },
          "end": { "line": 40, "column": 2 }
        },
        "loc": {
          "start": { "line": 1, "column": 794 },
          "end": { "line": 40, "column": 2 }
        },
        "line": 1
      }
    },
    "f": { "0": 0 }
  },
  "/home/kshiva/prj/github.com/kshiva1126/ambient-flow/src/App.tsx": {
    "path": "/home/kshiva/prj/github.com/kshiva1126/ambient-flow/src/App.tsx",
    "all": false,
    "statementMap": {
      "0": {
        "start": { "line": 1, "column": 0 },
        "end": { "line": 1, "column": 33 }
      },
      "1": {
        "start": { "line": 2, "column": 0 },
        "end": { "line": 2, "column": 18 }
      },
      "2": {
        "start": { "line": 3, "column": 0 },
        "end": { "line": 3, "column": 57 }
      },
      "3": {
        "start": { "line": 4, "column": 0 },
        "end": { "line": 4, "column": 45 }
      },
      "4": {
        "start": { "line": 5, "column": 0 },
        "end": { "line": 5, "column": 50 }
      },
      "5": {
        "start": { "line": 6, "column": 0 },
        "end": { "line": 6, "column": 60 }
      },
      "7": {
        "start": { "line": 8, "column": 0 },
        "end": { "line": 8, "column": 16 }
      },
      "8": {
        "start": { "line": 9, "column": 0 },
        "end": { "line": 9, "column": 9 }
      },
      "9": {
        "start": { "line": 10, "column": 0 },
        "end": { "line": 10, "column": 18 }
      },
      "10": {
        "start": { "line": 11, "column": 0 },
        "end": { "line": 11, "column": 9 }
      },
      "11": {
        "start": { "line": 12, "column": 0 },
        "end": { "line": 12, "column": 9 }
      },
      "12": {
        "start": { "line": 13, "column": 0 },
        "end": { "line": 13, "column": 14 }
      },
      "13": {
        "start": { "line": 14, "column": 0 },
        "end": { "line": 14, "column": 14 }
      },
      "14": {
        "start": { "line": 15, "column": 0 },
        "end": { "line": 15, "column": 14 }
      },
      "15": {
        "start": { "line": 16, "column": 0 },
        "end": { "line": 16, "column": 14 }
      },
      "16": {
        "start": { "line": 17, "column": 0 },
        "end": { "line": 17, "column": 23 }
      },
      "19": {
        "start": { "line": 20, "column": 0 },
        "end": { "line": 20, "column": 19 }
      },
      "20": {
        "start": { "line": 21, "column": 0 },
        "end": { "line": 21, "column": 39 }
      },
      "21": {
        "start": { "line": 22, "column": 0 },
        "end": { "line": 22, "column": 23 }
      },
      "22": {
        "start": { "line": 23, "column": 0 },
        "end": { "line": 23, "column": 6 }
      },
      "23": {
        "start": { "line": 24, "column": 0 },
        "end": { "line": 24, "column": 17 }
      },
      "25": {
        "start": { "line": 26, "column": 0 },
        "end": { "line": 26, "column": 50 }
      },
      "26": {
        "start": { "line": 27, "column": 0 },
        "end": { "line": 27, "column": 29 }
      },
      "27": {
        "start": { "line": 28, "column": 0 },
        "end": { "line": 28, "column": 19 }
      },
      "28": {
        "start": { "line": 29, "column": 0 },
        "end": { "line": 29, "column": 12 }
      },
      "29": {
        "start": { "line": 30, "column": 0 },
        "end": { "line": 30, "column": 19 }
      },
      "30": {
        "start": { "line": 31, "column": 0 },
        "end": { "line": 31, "column": 5 }
      },
      "31": {
        "start": { "line": 32, "column": 0 },
        "end": { "line": 32, "column": 3 }
      },
      "33": {
        "start": { "line": 34, "column": 0 },
        "end": { "line": 34, "column": 67 }
      },
      "34": {
        "start": { "line": 35, "column": 0 },
        "end": { "line": 35, "column": 30 }
      },
      "35": {
        "start": { "line": 36, "column": 0 },
        "end": { "line": 36, "column": 3 }
      },
      "37": {
        "start": { "line": 38, "column": 0 },
        "end": { "line": 38, "column": 10 }
      },
      "38": {
        "start": { "line": 39, "column": 0 },
        "end": { "line": 39, "column": 61 }
      },
      "39": {
        "start": { "line": 40, "column": 0 },
        "end": { "line": 40, "column": 74 }
      },
      "41": {
        "start": { "line": 42, "column": 0 },
        "end": { "line": 42, "column": 53 }
      },
      "43": {
        "start": { "line": 44, "column": 0 },
        "end": { "line": 44, "column": 94 }
      },
      "44": {
        "start": { "line": 45, "column": 0 },
        "end": { "line": 45, "column": 40 }
      },
      "45": {
        "start": { "line": 46, "column": 0 },
        "end": { "line": 46, "column": 20 }
      },
      "46": {
        "start": { "line": 47, "column": 0 },
        "end": { "line": 47, "column": 27 }
      },
      "47": {
        "start": { "line": 48, "column": 0 },
        "end": { "line": 48, "column": 27 }
      },
      "48": {
        "start": { "line": 49, "column": 0 },
        "end": { "line": 49, "column": 44 }
      },
      "49": {
        "start": { "line": 50, "column": 0 },
        "end": { "line": 50, "column": 41 }
      },
      "50": {
        "start": { "line": 51, "column": 0 },
        "end": { "line": 51, "column": 40 }
      },
      "51": {
        "start": { "line": 52, "column": 0 },
        "end": { "line": 52, "column": 47 }
      },
      "52": {
        "start": { "line": 53, "column": 0 },
        "end": { "line": 53, "column": 12 }
      },
      "53": {
        "start": { "line": 54, "column": 0 },
        "end": { "line": 54, "column": 11 }
      },
      "54": {
        "start": { "line": 55, "column": 0 },
        "end": { "line": 55, "column": 12 }
      },
      "56": {
        "start": { "line": 57, "column": 0 },
        "end": { "line": 57, "column": 62 }
      },
      "58": {
        "start": { "line": 59, "column": 0 },
        "end": { "line": 59, "column": 12 }
      },
      "59": {
        "start": { "line": 60, "column": 0 },
        "end": { "line": 60, "column": 10 }
      },
      "61": {
        "start": { "line": 62, "column": 0 },
        "end": { "line": 62, "column": 1 }
      },
      "63": {
        "start": { "line": 64, "column": 0 },
        "end": { "line": 64, "column": 18 }
      }
    },
    "s": {
      "0": 1,
      "1": 1,
      "2": 1,
      "3": 1,
      "4": 1,
      "5": 1,
      "7": 11,
      "8": 11,
      "9": 11,
      "10": 11,
      "11": 11,
      "12": 11,
      "13": 11,
      "14": 11,
      "15": 11,
      "16": 11,
      "19": 11,
      "20": 11,
      "21": 165,
      "22": 11,
      "23": 11,
      "25": 11,
      "26": 2,
      "27": 1,
      "28": 1,
      "29": 1,
      "30": 1,
      "31": 2,
      "33": 11,
      "34": 1,
      "35": 1,
      "37": 11,
      "38": 11,
      "39": 11,
      "41": 11,
      "43": 11,
      "44": 11,
      "45": 165,
      "46": 165,
      "47": 165,
      "48": 165,
      "49": 165,
      "50": 165,
      "51": 165,
      "52": 165,
      "53": 11,
      "54": 11,
      "56": 11,
      "58": 11,
      "59": 11,
      "61": 11,
      "63": 1
    },
    "branchMap": {
      "0": {
        "type": "branch",
        "line": 8,
        "loc": {
          "start": { "line": 8, "column": 0 },
          "end": { "line": 62, "column": 1 }
        },
        "locations": [
          {
            "start": { "line": 8, "column": 0 },
            "end": { "line": 62, "column": 1 }
          }
        ]
      },
      "1": {
        "type": "branch",
        "line": 20,
        "loc": {
          "start": { "line": 20, "column": 12 },
          "end": { "line": 24, "column": 5 }
        },
        "locations": [
          {
            "start": { "line": 20, "column": 12 },
            "end": { "line": 24, "column": 5 }
          }
        ]
      },
      "2": {
        "type": "branch",
        "line": 21,
        "loc": {
          "start": { "line": 21, "column": 26 },
          "end": { "line": 23, "column": 5 }
        },
        "locations": [
          {
            "start": { "line": 21, "column": 26 },
            "end": { "line": 23, "column": 5 }
          }
        ]
      },
      "3": {
        "type": "branch",
        "line": 26,
        "loc": {
          "start": { "line": 26, "column": 28 },
          "end": { "line": 32, "column": 3 }
        },
        "locations": [
          {
            "start": { "line": 26, "column": 28 },
            "end": { "line": 32, "column": 3 }
          }
        ]
      },
      "4": {
        "type": "branch",
        "line": 27,
        "loc": {
          "start": { "line": 27, "column": 28 },
          "end": { "line": 31, "column": 5 }
        },
        "locations": [
          {
            "start": { "line": 27, "column": 28 },
            "end": { "line": 31, "column": 5 }
          }
        ]
      },
      "5": {
        "type": "branch",
        "line": 34,
        "loc": {
          "start": { "line": 34, "column": 29 },
          "end": { "line": 36, "column": 3 }
        },
        "locations": [
          {
            "start": { "line": 34, "column": 29 },
            "end": { "line": 36, "column": 3 }
          }
        ]
      },
      "6": {
        "type": "branch",
        "line": 45,
        "loc": {
          "start": { "line": 45, "column": 27 },
          "end": { "line": 53, "column": 12 }
        },
        "locations": [
          {
            "start": { "line": 45, "column": 27 },
            "end": { "line": 53, "column": 12 }
          }
        ]
      }
    },
    "b": {
      "0": [11],
      "1": [11],
      "2": [165],
      "3": [2],
      "4": [1],
      "5": [1],
      "6": [165]
    },
    "fnMap": {
      "0": {
        "name": "App",
        "decl": {
          "start": { "line": 8, "column": 0 },
          "end": { "line": 62, "column": 1 }
        },
        "loc": {
          "start": { "line": 8, "column": 0 },
          "end": { "line": 62, "column": 1 }
        },
        "line": 8
      },
      "1": {
        "name": "handleToggleSound",
        "decl": {
          "start": { "line": 26, "column": 28 },
          "end": { "line": 32, "column": 3 }
        },
        "loc": {
          "start": { "line": 26, "column": 28 },
          "end": { "line": 32, "column": 3 }
        },
        "line": 26
      },
      "2": {
        "name": "handleVolumeChange",
        "decl": {
          "start": { "line": 34, "column": 29 },
          "end": { "line": 36, "column": 3 }
        },
        "loc": {
          "start": { "line": 34, "column": 29 },
          "end": { "line": 36, "column": 3 }
        },
        "line": 34
      }
    },
    "f": { "0": 11, "1": 2, "2": 1 }
  },
  "/home/kshiva/prj/github.com/kshiva1126/ambient-flow/src/main.tsx": {
    "path": "/home/kshiva/prj/github.com/kshiva1126/ambient-flow/src/main.tsx",
    "all": true,
    "statementMap": {
      "0": {
        "start": { "line": 1, "column": 0 },
        "end": { "line": 1, "column": 25 }
      },
      "1": {
        "start": { "line": 2, "column": 0 },
        "end": { "line": 2, "column": 39 }
      },
      "2": {
        "start": { "line": 3, "column": 0 },
        "end": { "line": 3, "column": 23 }
      },
      "3": {
        "start": { "line": 4, "column": 0 },
        "end": { "line": 4, "column": 20 }
      },
      "5": {
        "start": { "line": 6, "column": 0 },
        "end": { "line": 6, "column": 61 }
      },
      "6": {
        "start": { "line": 7, "column": 0 },
        "end": { "line": 7, "column": 20 }
      },
      "7": {
        "start": { "line": 8, "column": 0 },
        "end": { "line": 8, "column": 11 }
      },
      "8": {
        "start": { "line": 9, "column": 0 },
        "end": { "line": 9, "column": 21 }
      },
      "9": {
        "start": { "line": 10, "column": 0 },
        "end": { "line": 10, "column": 1 }
      }
    },
    "s": {
      "0": 0,
      "1": 0,
      "2": 0,
      "3": 0,
      "5": 0,
      "6": 0,
      "7": 0,
      "8": 0,
      "9": 0
    },
    "branchMap": {
      "0": {
        "type": "branch",
        "line": 1,
        "loc": {
          "start": { "line": 1, "column": 199 },
          "end": { "line": 10, "column": -164 }
        },
        "locations": [
          {
            "start": { "line": 1, "column": 199 },
            "end": { "line": 10, "column": -164 }
          }
        ]
      }
    },
    "b": { "0": [0] },
    "fnMap": {
      "0": {
        "name": "(empty-report)",
        "decl": {
          "start": { "line": 1, "column": 199 },
          "end": { "line": 10, "column": -164 }
        },
        "loc": {
          "start": { "line": 1, "column": 199 },
          "end": { "line": 10, "column": -164 }
        },
        "line": 1
      }
    },
    "f": { "0": 0 }
  },
  "/home/kshiva/prj/github.com/kshiva1126/ambient-flow/src/components/PlayingCounter.tsx": {
    "path": "/home/kshiva/prj/github.com/kshiva1126/ambient-flow/src/components/PlayingCounter.tsx",
    "all": false,
    "statementMap": {
      "4": {
        "start": { "line": 5, "column": 0 },
        "end": { "line": 5, "column": 67 }
      },
      "5": {
        "start": { "line": 6, "column": 0 },
        "end": { "line": 6, "column": 10 }
      },
      "6": {
        "start": { "line": 7, "column": 0 },
        "end": { "line": 7, "column": 38 }
      },
      "7": {
        "start": { "line": 8, "column": 0 },
        "end": { "line": 8, "column": 63 }
      },
      "8": {
        "start": { "line": 9, "column": 0 },
        "end": { "line": 9, "column": 25 }
      },
      "9": {
        "start": { "line": 10, "column": 0 },
        "end": { "line": 10, "column": 10 }
      },
      "10": {
        "start": { "line": 11, "column": 0 },
        "end": { "line": 11, "column": 10 }
      },
      "12": {
        "start": { "line": 13, "column": 0 },
        "end": { "line": 13, "column": 1 }
      }
    },
    "s": {
      "4": 1,
      "5": 19,
      "6": 19,
      "7": 19,
      "8": 19,
      "9": 19,
      "10": 19,
      "12": 19
    },
    "branchMap": {
      "0": {
        "type": "branch",
        "line": 5,
        "loc": {
          "start": { "line": 5, "column": 30 },
          "end": { "line": 13, "column": 1 }
        },
        "locations": [
          {
            "start": { "line": 5, "column": 30 },
            "end": { "line": 13, "column": 1 }
          }
        ]
      }
    },
    "b": { "0": [19] },
    "fnMap": {
      "0": {
        "name": "PlayingCounter",
        "decl": {
          "start": { "line": 5, "column": 30 },
          "end": { "line": 13, "column": 1 }
        },
        "loc": {
          "start": { "line": 5, "column": 30 },
          "end": { "line": 13, "column": 1 }
        },
        "line": 5
      }
    },
    "f": { "0": 19 }
  },
  "/home/kshiva/prj/github.com/kshiva1126/ambient-flow/src/components/SoundCard.tsx": {
    "path": "/home/kshiva/prj/github.com/kshiva1126/ambient-flow/src/components/SoundCard.tsx",
    "all": false,
    "statementMap": {
      "1": {
        "start": { "line": 2, "column": 0 },
        "end": { "line": 2, "column": 39 }
      },
      "2": {
        "start": { "line": 3, "column": 0 },
        "end": { "line": 3, "column": 45 }
      },
      "12": {
        "start": { "line": 13, "column": 0 },
        "end": { "line": 13, "column": 27 }
      },
      "13": {
        "start": { "line": 14, "column": 0 },
        "end": { "line": 14, "column": 9 }
      },
      "14": {
        "start": { "line": 15, "column": 0 },
        "end": { "line": 15, "column": 12 }
      },
      "15": {
        "start": { "line": 16, "column": 0 },
        "end": { "line": 16, "column": 9 }
      },
      "16": {
        "start": { "line": 17, "column": 0 },
        "end": { "line": 17, "column": 11 }
      },
      "17": {
        "start": { "line": 18, "column": 0 },
        "end": { "line": 18, "column": 17 }
      },
      "18": {
        "start": { "line": 19, "column": 0 },
        "end": { "line": 19, "column": 23 }
      },
      "19": {
        "start": { "line": 20, "column": 0 },
        "end": { "line": 20, "column": 10 }
      },
      "20": {
        "start": { "line": 21, "column": 0 },
        "end": { "line": 21, "column": 8 }
      },
      "21": {
        "start": { "line": 22, "column": 0 },
        "end": { "line": 22, "column": 40 }
      },
      "22": {
        "start": { "line": 23, "column": 0 },
        "end": { "line": 23, "column": 18 }
      },
      "25": {
        "start": { "line": 26, "column": 0 },
        "end": { "line": 26, "column": 19 }
      },
      "26": {
        "start": { "line": 27, "column": 0 },
        "end": { "line": 27, "column": 75 }
      },
      "27": {
        "start": { "line": 28, "column": 0 },
        "end": { "line": 28, "column": 65 }
      },
      "28": {
        "start": { "line": 29, "column": 0 },
        "end": { "line": 29, "column": 9 }
      },
      "30": {
        "start": { "line": 31, "column": 0 },
        "end": { "line": 31, "column": 41 }
      },
      "32": {
        "start": { "line": 33, "column": 0 },
        "end": { "line": 33, "column": 40 }
      },
      "33": {
        "start": { "line": 34, "column": 0 },
        "end": { "line": 34, "column": 12 }
      },
      "34": {
        "start": { "line": 35, "column": 0 },
        "end": { "line": 35, "column": 22 }
      },
      "36": {
        "start": { "line": 37, "column": 0 },
        "end": { "line": 37, "column": 52 }
      },
      "39": {
        "start": { "line": 40, "column": 0 },
        "end": { "line": 40, "column": 20 }
      },
      "40": {
        "start": { "line": 41, "column": 0 },
        "end": { "line": 41, "column": 34 }
      },
      "41": {
        "start": { "line": 42, "column": 0 },
        "end": { "line": 42, "column": 31 }
      },
      "42": {
        "start": { "line": 43, "column": 0 },
        "end": { "line": 43, "column": 67 }
      },
      "43": {
        "start": { "line": 44, "column": 0 },
        "end": { "line": 44, "column": 12 }
      },
      "44": {
        "start": { "line": 45, "column": 0 },
        "end": { "line": 45, "column": 14 }
      },
      "45": {
        "start": { "line": 46, "column": 0 },
        "end": { "line": 46, "column": 56 }
      },
      "46": {
        "start": { "line": 47, "column": 0 },
        "end": { "line": 47, "column": 69 }
      },
      "47": {
        "start": { "line": 48, "column": 0 },
        "end": { "line": 48, "column": 12 }
      },
      "49": {
        "start": { "line": 50, "column": 0 },
        "end": { "line": 50, "column": 19 }
      },
      "50": {
        "start": { "line": 51, "column": 0 },
        "end": { "line": 51, "column": 27 }
      },
      "51": {
        "start": { "line": 52, "column": 0 },
        "end": { "line": 52, "column": 23 }
      },
      "52": {
        "start": { "line": 53, "column": 0 },
        "end": { "line": 53, "column": 28 }
      },
      "53": {
        "start": { "line": 54, "column": 0 },
        "end": { "line": 54, "column": 29 }
      },
      "54": {
        "start": { "line": 55, "column": 0 },
        "end": { "line": 55, "column": 33 }
      },
      "55": {
        "start": { "line": 56, "column": 0 },
        "end": { "line": 56, "column": 8 }
      },
      "56": {
        "start": { "line": 57, "column": 0 },
        "end": { "line": 57, "column": 10 }
      },
      "58": {
        "start": { "line": 59, "column": 0 },
        "end": { "line": 59, "column": 1 }
      }
    },
    "s": {
      "1": 1,
      "2": 1,
      "12": 1,
      "13": 173,
      "14": 173,
      "15": 173,
      "16": 173,
      "17": 173,
      "18": 173,
      "19": 173,
      "20": 173,
      "21": 173,
      "22": 173,
      "25": 173,
      "26": 6,
      "27": 167,
      "28": 173,
      "30": 173,
      "32": 173,
      "33": 173,
      "34": 173,
      "36": 173,
      "39": 173,
      "40": 173,
      "41": 173,
      "42": 173,
      "43": 173,
      "44": 173,
      "45": 173,
      "46": 173,
      "47": 173,
      "49": 173,
      "50": 173,
      "51": 173,
      "52": 173,
      "53": 173,
      "54": 173,
      "55": 173,
      "56": 173,
      "58": 173
    },
    "branchMap": {
      "0": {
        "type": "branch",
        "line": 13,
        "loc": {
          "start": { "line": 13, "column": 25 },
          "end": { "line": 59, "column": 1 }
        },
        "locations": [
          {
            "start": { "line": 13, "column": 25 },
            "end": { "line": 59, "column": 1 }
          }
        ]
      },
      "1": {
        "type": "branch",
        "line": 26,
        "loc": {
          "start": { "line": 26, "column": 10 },
          "end": { "line": 27, "column": 75 }
        },
        "locations": [
          {
            "start": { "line": 26, "column": 10 },
            "end": { "line": 27, "column": 75 }
          }
        ]
      },
      "2": {
        "type": "branch",
        "line": 27,
        "loc": {
          "start": { "line": 27, "column": 14 },
          "end": { "line": 28, "column": 65 }
        },
        "locations": [
          {
            "start": { "line": 27, "column": 14 },
            "end": { "line": 28, "column": 65 }
          }
        ]
      },
      "3": {
        "type": "branch",
        "line": 37,
        "loc": {
          "start": { "line": 37, "column": 14 },
          "end": { "line": 37, "column": 40 }
        },
        "locations": [
          {
            "start": { "line": 37, "column": 14 },
            "end": { "line": 37, "column": 40 }
          }
        ]
      },
      "4": {
        "type": "branch",
        "line": 37,
        "loc": {
          "start": { "line": 37, "column": 26 },
          "end": { "line": 37, "column": 51 }
        },
        "locations": [
          {
            "start": { "line": 37, "column": 26 },
            "end": { "line": 37, "column": 51 }
          }
        ]
      },
      "5": {
        "type": "branch",
        "line": 43,
        "loc": {
          "start": { "line": 43, "column": 28 },
          "end": { "line": 43, "column": 55 }
        },
        "locations": [
          {
            "start": { "line": 43, "column": 28 },
            "end": { "line": 43, "column": 55 }
          }
        ]
      },
      "6": {
        "type": "branch",
        "line": 43,
        "loc": {
          "start": { "line": 43, "column": 47 },
          "end": { "line": 43, "column": 65 }
        },
        "locations": [
          {
            "start": { "line": 43, "column": 47 },
            "end": { "line": 43, "column": 65 }
          }
        ]
      },
      "7": {
        "type": "branch",
        "line": 31,
        "loc": {
          "start": { "line": 31, "column": 15 },
          "end": { "line": 31, "column": 41 }
        },
        "locations": [
          {
            "start": { "line": 31, "column": 15 },
            "end": { "line": 31, "column": 41 }
          }
        ]
      }
    },
    "b": {
      "0": [173],
      "1": [6],
      "2": [167],
      "3": [6],
      "4": [167],
      "5": [6],
      "6": [167],
      "7": [3]
    },
    "fnMap": {
      "0": {
        "name": "SoundCard",
        "decl": {
          "start": { "line": 13, "column": 25 },
          "end": { "line": 59, "column": 1 }
        },
        "loc": {
          "start": { "line": 13, "column": 25 },
          "end": { "line": 59, "column": 1 }
        },
        "line": 13
      },
      "1": {
        "name": "onClick",
        "decl": {
          "start": { "line": 31, "column": 15 },
          "end": { "line": 31, "column": 41 }
        },
        "loc": {
          "start": { "line": 31, "column": 15 },
          "end": { "line": 31, "column": 41 }
        },
        "line": 31
      }
    },
    "f": { "0": 173, "1": 3 }
  },
  "/home/kshiva/prj/github.com/kshiva1126/ambient-flow/src/components/SoundIcon.tsx": {
    "path": "/home/kshiva/prj/github.com/kshiva1126/ambient-flow/src/components/SoundIcon.tsx",
    "all": false,
    "statementMap": {
      "0": {
        "start": { "line": 1, "column": 0 },
        "end": { "line": 1, "column": 8 }
      },
      "21": {
        "start": { "line": 22, "column": 0 },
        "end": { "line": 22, "column": 45 }
      },
      "22": {
        "start": { "line": 23, "column": 0 },
        "end": { "line": 23, "column": 7 }
      },
      "23": {
        "start": { "line": 24, "column": 0 },
        "end": { "line": 24, "column": 12 }
      },
      "24": {
        "start": { "line": 25, "column": 0 },
        "end": { "line": 25, "column": 8 }
      },
      "25": {
        "start": { "line": 26, "column": 0 },
        "end": { "line": 26, "column": 8 }
      },
      "26": {
        "start": { "line": 27, "column": 0 },
        "end": { "line": 27, "column": 6 }
      },
      "27": {
        "start": { "line": 28, "column": 0 },
        "end": { "line": 28, "column": 7 }
      },
      "28": {
        "start": { "line": 29, "column": 0 },
        "end": { "line": 29, "column": 8 }
      },
      "29": {
        "start": { "line": 30, "column": 0 },
        "end": { "line": 30, "column": 8 }
      },
      "30": {
        "start": { "line": 31, "column": 0 },
        "end": { "line": 31, "column": 11 }
      },
      "31": {
        "start": { "line": 32, "column": 0 },
        "end": { "line": 32, "column": 9 }
      },
      "32": {
        "start": { "line": 33, "column": 0 },
        "end": { "line": 33, "column": 11 }
      },
      "33": {
        "start": { "line": 34, "column": 0 },
        "end": { "line": 34, "column": 8 }
      },
      "34": {
        "start": { "line": 35, "column": 0 },
        "end": { "line": 35, "column": 8 }
      },
      "35": {
        "start": { "line": 36, "column": 0 },
        "end": { "line": 36, "column": 10 }
      },
      "36": {
        "start": { "line": 37, "column": 0 },
        "end": { "line": 37, "column": 7 }
      },
      "37": {
        "start": { "line": 38, "column": 0 },
        "end": { "line": 38, "column": 9 }
      },
      "38": {
        "start": { "line": 39, "column": 0 },
        "end": { "line": 39, "column": 13 }
      },
      "39": {
        "start": { "line": 40, "column": 0 },
        "end": { "line": 40, "column": 1 }
      },
      "47": {
        "start": { "line": 48, "column": 0 },
        "end": { "line": 48, "column": 78 }
      },
      "48": {
        "start": { "line": 49, "column": 0 },
        "end": { "line": 49, "column": 32 }
      },
      "50": {
        "start": { "line": 51, "column": 0 },
        "end": { "line": 51, "column": 14 }
      },
      "51": {
        "start": { "line": 52, "column": 0 },
        "end": { "line": 52, "column": 48 }
      },
      "52": {
        "start": { "line": 53, "column": 0 },
        "end": { "line": 53, "column": 15 }
      },
      "53": {
        "start": { "line": 54, "column": 0 },
        "end": { "line": 54, "column": 3 }
      },
      "55": {
        "start": { "line": 56, "column": 0 },
        "end": { "line": 56, "column": 53 }
      },
      "56": {
        "start": { "line": 57, "column": 0 },
        "end": { "line": 57, "column": 1 }
      }
    },
    "s": {
      "0": 1,
      "21": 1,
      "22": 1,
      "23": 1,
      "24": 1,
      "25": 1,
      "26": 1,
      "27": 1,
      "28": 1,
      "29": 1,
      "30": 1,
      "31": 1,
      "32": 1,
      "33": 1,
      "34": 1,
      "35": 1,
      "36": 1,
      "37": 1,
      "38": 1,
      "39": 1,
      "47": 1,
      "48": 195,
      "50": 195,
      "51": 1,
      "52": 1,
      "53": 1,
      "55": 194,
      "56": 194
    },
    "branchMap": {
      "0": {
        "type": "branch",
        "line": 48,
        "loc": {
          "start": { "line": 48, "column": 25 },
          "end": { "line": 57, "column": 1 }
        },
        "locations": [
          {
            "start": { "line": 48, "column": 25 },
            "end": { "line": 57, "column": 1 }
          }
        ]
      },
      "1": {
        "type": "branch",
        "line": 51,
        "loc": {
          "start": { "line": 51, "column": 13 },
          "end": { "line": 54, "column": 3 }
        },
        "locations": [
          {
            "start": { "line": 51, "column": 13 },
            "end": { "line": 54, "column": 3 }
          }
        ]
      },
      "2": {
        "type": "branch",
        "line": 54,
        "loc": {
          "start": { "line": 54, "column": 2 },
          "end": { "line": 57, "column": 1 }
        },
        "locations": [
          {
            "start": { "line": 54, "column": 2 },
            "end": { "line": 57, "column": 1 }
          }
        ]
      }
    },
    "b": { "0": [195], "1": [1], "2": [194] },
    "fnMap": {
      "0": {
        "name": "SoundIcon",
        "decl": {
          "start": { "line": 48, "column": 25 },
          "end": { "line": 57, "column": 1 }
        },
        "loc": {
          "start": { "line": 48, "column": 25 },
          "end": { "line": 57, "column": 1 }
        },
        "line": 48
      }
    },
    "f": { "0": 195 }
  },
  "/home/kshiva/prj/github.com/kshiva1126/ambient-flow/src/components/VolumeSlider.tsx": {
    "path": "/home/kshiva/prj/github.com/kshiva1126/ambient-flow/src/components/VolumeSlider.tsx",
    "all": false,
    "statementMap": {
      "8": {
        "start": { "line": 9, "column": 0 },
        "end": { "line": 9, "column": 30 }
      },
      "9": {
        "start": { "line": 10, "column": 0 },
        "end": { "line": 10, "column": 10 }
      },
      "10": {
        "start": { "line": 11, "column": 0 },
        "end": { "line": 11, "column": 9 }
      },
      "11": {
        "start": { "line": 12, "column": 0 },
        "end": { "line": 12, "column": 8 }
      },
      "12": {
        "start": { "line": 13, "column": 0 },
        "end": { "line": 13, "column": 12 }
      },
      "13": {
        "start": { "line": 14, "column": 0 },
        "end": { "line": 14, "column": 11 }
      },
      "14": {
        "start": { "line": 15, "column": 0 },
        "end": { "line": 15, "column": 26 }
      },
      "15": {
        "start": { "line": 16, "column": 0 },
        "end": { "line": 16, "column": 10 }
      },
      "16": {
        "start": { "line": 17, "column": 0 },
        "end": { "line": 17, "column": 63 }
      },
      "17": {
        "start": { "line": 18, "column": 0 },
        "end": { "line": 18, "column": 12 }
      },
      "18": {
        "start": { "line": 19, "column": 0 },
        "end": { "line": 19, "column": 20 }
      },
      "19": {
        "start": { "line": 20, "column": 0 },
        "end": { "line": 20, "column": 15 }
      },
      "20": {
        "start": { "line": 21, "column": 0 },
        "end": { "line": 21, "column": 17 }
      },
      "21": {
        "start": { "line": 22, "column": 0 },
        "end": { "line": 22, "column": 22 }
      },
      "22": {
        "start": { "line": 23, "column": 0 },
        "end": { "line": 23, "column": 41 }
      },
      "23": {
        "start": { "line": 24, "column": 0 },
        "end": { "line": 24, "column": 67 }
      },
      "24": {
        "start": { "line": 25, "column": 0 },
        "end": { "line": 25, "column": 84 }
      },
      "25": {
        "start": { "line": 26, "column": 0 },
        "end": { "line": 26, "column": 16 }
      },
      "26": {
        "start": { "line": 27, "column": 0 },
        "end": { "line": 27, "column": 31 }
      },
      "27": {
        "start": { "line": 28, "column": 0 },
        "end": { "line": 28, "column": 109 }
      },
      "28": {
        "start": { "line": 29, "column": 0 },
        "end": { "line": 29, "column": 24 }
      },
      "29": {
        "start": { "line": 30, "column": 0 },
        "end": { "line": 30, "column": 10 }
      },
      "30": {
        "start": { "line": 31, "column": 0 },
        "end": { "line": 31, "column": 8 }
      },
      "31": {
        "start": { "line": 32, "column": 0 },
        "end": { "line": 32, "column": 10 }
      },
      "32": {
        "start": { "line": 33, "column": 0 },
        "end": { "line": 33, "column": 58 }
      },
      "33": {
        "start": { "line": 34, "column": 0 },
        "end": { "line": 34, "column": 49 }
      },
      "35": {
        "start": { "line": 36, "column": 0 },
        "end": { "line": 36, "column": 17 }
      },
      "36": {
        "start": { "line": 37, "column": 0 },
        "end": { "line": 37, "column": 12 }
      },
      "37": {
        "start": { "line": 38, "column": 0 },
        "end": { "line": 38, "column": 10 }
      },
      "39": {
        "start": { "line": 40, "column": 0 },
        "end": { "line": 40, "column": 1 }
      }
    },
    "s": {
      "8": 1,
      "9": 182,
      "10": 182,
      "11": 182,
      "12": 182,
      "13": 182,
      "14": 182,
      "15": 182,
      "16": 182,
      "17": 182,
      "18": 182,
      "19": 182,
      "20": 182,
      "21": 182,
      "22": 182,
      "23": 182,
      "24": 182,
      "25": 182,
      "26": 182,
      "27": 10,
      "28": 172,
      "29": 182,
      "30": 182,
      "31": 182,
      "32": 182,
      "33": 182,
      "35": 182,
      "36": 182,
      "37": 182,
      "39": 182
    },
    "branchMap": {
      "0": {
        "type": "branch",
        "line": 9,
        "loc": {
          "start": { "line": 9, "column": 28 },
          "end": { "line": 40, "column": 1 }
        },
        "locations": [
          {
            "start": { "line": 9, "column": 28 },
            "end": { "line": 40, "column": 1 }
          }
        ]
      },
      "1": {
        "type": "branch",
        "line": 27,
        "loc": {
          "start": { "line": 27, "column": 22 },
          "end": { "line": 28, "column": 109 }
        },
        "locations": [
          {
            "start": { "line": 27, "column": 22 },
            "end": { "line": 28, "column": 109 }
          }
        ]
      },
      "2": {
        "type": "branch",
        "line": 28,
        "loc": {
          "start": { "line": 28, "column": 91 },
          "end": { "line": 29, "column": 24 }
        },
        "locations": [
          {
            "start": { "line": 28, "column": 91 },
            "end": { "line": 29, "column": 24 }
          }
        ]
      },
      "3": {
        "type": "branch",
        "line": 17,
        "loc": {
          "start": { "line": 17, "column": 35 },
          "end": { "line": 17, "column": 63 }
        },
        "locations": [
          {
            "start": { "line": 17, "column": 35 },
            "end": { "line": 17, "column": 63 }
          }
        ]
      },
      "4": {
        "type": "branch",
        "line": 24,
        "loc": {
          "start": { "line": 24, "column": 18 },
          "end": { "line": 24, "column": 67 }
        },
        "locations": [
          {
            "start": { "line": 24, "column": 18 },
            "end": { "line": 24, "column": 67 }
          }
        ]
      }
    },
    "b": { "0": [182], "1": [10], "2": [172], "3": [1], "4": [3] },
    "fnMap": {
      "0": {
        "name": "VolumeSlider",
        "decl": {
          "start": { "line": 9, "column": 28 },
          "end": { "line": 40, "column": 1 }
        },
        "loc": {
          "start": { "line": 9, "column": 28 },
          "end": { "line": 40, "column": 1 }
        },
        "line": 9
      },
      "1": {
        "name": "onClick",
        "decl": {
          "start": { "line": 17, "column": 35 },
          "end": { "line": 17, "column": 63 }
        },
        "loc": {
          "start": { "line": 17, "column": 35 },
          "end": { "line": 17, "column": 63 }
        },
        "line": 17
      },
      "2": {
        "name": "onChange",
        "decl": {
          "start": { "line": 24, "column": 18 },
          "end": { "line": 24, "column": 67 }
        },
        "loc": {
          "start": { "line": 24, "column": 18 },
          "end": { "line": 24, "column": 67 }
        },
        "line": 24
      }
    },
    "f": { "0": 182, "1": 1, "2": 3 }
  },
  "/home/kshiva/prj/github.com/kshiva1126/ambient-flow/src/data/sounds.ts": {
    "path": "/home/kshiva/prj/github.com/kshiva1126/ambient-flow/src/data/sounds.ts",
    "all": false,
    "statementMap": {
      "5": {
        "start": { "line": 6, "column": 0 },
        "end": { "line": 6, "column": 45 }
      },
      "7": {
        "start": { "line": 8, "column": 0 },
        "end": { "line": 8, "column": 3 }
      },
      "8": {
        "start": { "line": 9, "column": 0 },
        "end": { "line": 9, "column": 15 }
      },
      "9": {
        "start": { "line": 10, "column": 0 },
        "end": { "line": 10, "column": 14 }
      },
      "10": {
        "start": { "line": 11, "column": 0 },
        "end": { "line": 11, "column": 23 }
      },
      "11": {
        "start": { "line": 12, "column": 0 },
        "end": { "line": 12, "column": 26 }
      },
      "12": {
        "start": { "line": 13, "column": 0 },
        "end": { "line": 13, "column": 22 }
      },
      "13": {
        "start": { "line": 14, "column": 0 },
        "end": { "line": 14, "column": 25 }
      },
      "14": {
        "start": { "line": 15, "column": 0 },
        "end": { "line": 15, "column": 22 }
      },
      "15": {
        "start": { "line": 16, "column": 0 },
        "end": { "line": 16, "column": 33 }
      },
      "16": {
        "start": { "line": 17, "column": 0 },
        "end": { "line": 17, "column": 4 }
      },
      "17": {
        "start": { "line": 18, "column": 0 },
        "end": { "line": 18, "column": 3 }
      },
      "18": {
        "start": { "line": 19, "column": 0 },
        "end": { "line": 19, "column": 16 }
      },
      "19": {
        "start": { "line": 20, "column": 0 },
        "end": { "line": 20, "column": 14 }
      },
      "20": {
        "start": { "line": 21, "column": 0 },
        "end": { "line": 21, "column": 23 }
      },
      "21": {
        "start": { "line": 22, "column": 0 },
        "end": { "line": 22, "column": 25 }
      },
      "22": {
        "start": { "line": 23, "column": 0 },
        "end": { "line": 23, "column": 18 }
      },
      "23": {
        "start": { "line": 24, "column": 0 },
        "end": { "line": 24, "column": 26 }
      },
      "24": {
        "start": { "line": 25, "column": 0 },
        "end": { "line": 25, "column": 22 }
      },
      "25": {
        "start": { "line": 26, "column": 0 },
        "end": { "line": 26, "column": 33 }
      },
      "26": {
        "start": { "line": 27, "column": 0 },
        "end": { "line": 27, "column": 4 }
      },
      "27": {
        "start": { "line": 28, "column": 0 },
        "end": { "line": 28, "column": 3 }
      },
      "28": {
        "start": { "line": 29, "column": 0 },
        "end": { "line": 29, "column": 17 }
      },
      "29": {
        "start": { "line": 30, "column": 0 },
        "end": { "line": 30, "column": 15 }
      },
      "30": {
        "start": { "line": 31, "column": 0 },
        "end": { "line": 31, "column": 23 }
      },
      "31": {
        "start": { "line": 32, "column": 0 },
        "end": { "line": 32, "column": 27 }
      },
      "32": {
        "start": { "line": 33, "column": 0 },
        "end": { "line": 33, "column": 18 }
      },
      "33": {
        "start": { "line": 34, "column": 0 },
        "end": { "line": 34, "column": 27 }
      },
      "34": {
        "start": { "line": 35, "column": 0 },
        "end": { "line": 35, "column": 22 }
      },
      "35": {
        "start": { "line": 36, "column": 0 },
        "end": { "line": 36, "column": 36 }
      },
      "36": {
        "start": { "line": 37, "column": 0 },
        "end": { "line": 37, "column": 4 }
      },
      "37": {
        "start": { "line": 38, "column": 0 },
        "end": { "line": 38, "column": 3 }
      },
      "38": {
        "start": { "line": 39, "column": 0 },
        "end": { "line": 39, "column": 16 }
      },
      "39": {
        "start": { "line": 40, "column": 0 },
        "end": { "line": 40, "column": 14 }
      },
      "40": {
        "start": { "line": 41, "column": 0 },
        "end": { "line": 41, "column": 23 }
      },
      "41": {
        "start": { "line": 42, "column": 0 },
        "end": { "line": 42, "column": 26 }
      },
      "42": {
        "start": { "line": 43, "column": 0 },
        "end": { "line": 43, "column": 17 }
      },
      "43": {
        "start": { "line": 44, "column": 0 },
        "end": { "line": 44, "column": 26 }
      },
      "44": {
        "start": { "line": 45, "column": 0 },
        "end": { "line": 45, "column": 22 }
      },
      "45": {
        "start": { "line": 46, "column": 0 },
        "end": { "line": 46, "column": 34 }
      },
      "46": {
        "start": { "line": 47, "column": 0 },
        "end": { "line": 47, "column": 4 }
      },
      "47": {
        "start": { "line": 48, "column": 0 },
        "end": { "line": 48, "column": 3 }
      },
      "48": {
        "start": { "line": 49, "column": 0 },
        "end": { "line": 49, "column": 18 }
      },
      "49": {
        "start": { "line": 50, "column": 0 },
        "end": { "line": 50, "column": 15 }
      },
      "50": {
        "start": { "line": 51, "column": 0 },
        "end": { "line": 51, "column": 23 }
      },
      "51": {
        "start": { "line": 52, "column": 0 },
        "end": { "line": 52, "column": 24 }
      },
      "52": {
        "start": { "line": 53, "column": 0 },
        "end": { "line": 53, "column": 16 }
      },
      "53": {
        "start": { "line": 54, "column": 0 },
        "end": { "line": 54, "column": 28 }
      },
      "54": {
        "start": { "line": 55, "column": 0 },
        "end": { "line": 55, "column": 22 }
      },
      "55": {
        "start": { "line": 56, "column": 0 },
        "end": { "line": 56, "column": 35 }
      },
      "56": {
        "start": { "line": 57, "column": 0 },
        "end": { "line": 57, "column": 4 }
      },
      "57": {
        "start": { "line": 58, "column": 0 },
        "end": { "line": 58, "column": 3 }
      },
      "58": {
        "start": { "line": 59, "column": 0 },
        "end": { "line": 59, "column": 15 }
      },
      "59": {
        "start": { "line": 60, "column": 0 },
        "end": { "line": 60, "column": 14 }
      },
      "60": {
        "start": { "line": 61, "column": 0 },
        "end": { "line": 61, "column": 23 }
      },
      "61": {
        "start": { "line": 62, "column": 0 },
        "end": { "line": 62, "column": 25 }
      },
      "62": {
        "start": { "line": 63, "column": 0 },
        "end": { "line": 63, "column": 17 }
      },
      "63": {
        "start": { "line": 64, "column": 0 },
        "end": { "line": 64, "column": 25 }
      },
      "64": {
        "start": { "line": 65, "column": 0 },
        "end": { "line": 65, "column": 22 }
      },
      "65": {
        "start": { "line": 66, "column": 0 },
        "end": { "line": 66, "column": 36 }
      },
      "66": {
        "start": { "line": 67, "column": 0 },
        "end": { "line": 67, "column": 4 }
      },
      "67": {
        "start": { "line": 68, "column": 0 },
        "end": { "line": 68, "column": 3 }
      },
      "68": {
        "start": { "line": 69, "column": 0 },
        "end": { "line": 69, "column": 23 }
      },
      "69": {
        "start": { "line": 70, "column": 0 },
        "end": { "line": 70, "column": 16 }
      },
      "70": {
        "start": { "line": 71, "column": 0 },
        "end": { "line": 71, "column": 23 }
      },
      "71": {
        "start": { "line": 72, "column": 0 },
        "end": { "line": 72, "column": 29 }
      },
      "72": {
        "start": { "line": 73, "column": 0 },
        "end": { "line": 73, "column": 17 }
      },
      "73": {
        "start": { "line": 74, "column": 0 },
        "end": { "line": 74, "column": 33 }
      },
      "74": {
        "start": { "line": 75, "column": 0 },
        "end": { "line": 75, "column": 22 }
      },
      "75": {
        "start": { "line": 76, "column": 0 },
        "end": { "line": 76, "column": 33 }
      },
      "76": {
        "start": { "line": 77, "column": 0 },
        "end": { "line": 77, "column": 4 }
      },
      "79": {
        "start": { "line": 80, "column": 0 },
        "end": { "line": 80, "column": 3 }
      },
      "80": {
        "start": { "line": 81, "column": 0 },
        "end": { "line": 81, "column": 20 }
      },
      "81": {
        "start": { "line": 82, "column": 0 },
        "end": { "line": 82, "column": 15 }
      },
      "82": {
        "start": { "line": 83, "column": 0 },
        "end": { "line": 83, "column": 23 }
      },
      "83": {
        "start": { "line": 84, "column": 0 },
        "end": { "line": 84, "column": 26 }
      },
      "84": {
        "start": { "line": 85, "column": 0 },
        "end": { "line": 85, "column": 18 }
      },
      "85": {
        "start": { "line": 86, "column": 0 },
        "end": { "line": 86, "column": 30 }
      },
      "86": {
        "start": { "line": 87, "column": 0 },
        "end": { "line": 87, "column": 22 }
      },
      "87": {
        "start": { "line": 88, "column": 0 },
        "end": { "line": 88, "column": 35 }
      },
      "88": {
        "start": { "line": 89, "column": 0 },
        "end": { "line": 89, "column": 4 }
      },
      "91": {
        "start": { "line": 92, "column": 0 },
        "end": { "line": 92, "column": 3 }
      },
      "92": {
        "start": { "line": 93, "column": 0 },
        "end": { "line": 93, "column": 15 }
      },
      "93": {
        "start": { "line": 94, "column": 0 },
        "end": { "line": 94, "column": 16 }
      },
      "94": {
        "start": { "line": 95, "column": 0 },
        "end": { "line": 95, "column": 22 }
      },
      "95": {
        "start": { "line": 96, "column": 0 },
        "end": { "line": 96, "column": 27 }
      },
      "96": {
        "start": { "line": 97, "column": 0 },
        "end": { "line": 97, "column": 19 }
      },
      "97": {
        "start": { "line": 98, "column": 0 },
        "end": { "line": 98, "column": 25 }
      },
      "98": {
        "start": { "line": 99, "column": 0 },
        "end": { "line": 99, "column": 22 }
      },
      "99": {
        "start": { "line": 100, "column": 0 },
        "end": { "line": 100, "column": 34 }
      },
      "100": {
        "start": { "line": 101, "column": 0 },
        "end": { "line": 101, "column": 4 }
      },
      "101": {
        "start": { "line": 102, "column": 0 },
        "end": { "line": 102, "column": 3 }
      },
      "102": {
        "start": { "line": 103, "column": 0 },
        "end": { "line": 103, "column": 15 }
      },
      "103": {
        "start": { "line": 104, "column": 0 },
        "end": { "line": 104, "column": 15 }
      },
      "104": {
        "start": { "line": 105, "column": 0 },
        "end": { "line": 105, "column": 22 }
      },
      "105": {
        "start": { "line": 106, "column": 0 },
        "end": { "line": 106, "column": 26 }
      },
      "106": {
        "start": { "line": 107, "column": 0 },
        "end": { "line": 107, "column": 21 }
      },
      "107": {
        "start": { "line": 108, "column": 0 },
        "end": { "line": 108, "column": 25 }
      },
      "108": {
        "start": { "line": 109, "column": 0 },
        "end": { "line": 109, "column": 22 }
      },
      "109": {
        "start": { "line": 110, "column": 0 },
        "end": { "line": 110, "column": 34 }
      },
      "110": {
        "start": { "line": 111, "column": 0 },
        "end": { "line": 111, "column": 4 }
      },
      "111": {
        "start": { "line": 112, "column": 0 },
        "end": { "line": 112, "column": 3 }
      },
      "112": {
        "start": { "line": 113, "column": 0 },
        "end": { "line": 113, "column": 16 }
      },
      "113": {
        "start": { "line": 114, "column": 0 },
        "end": { "line": 114, "column": 15 }
      },
      "114": {
        "start": { "line": 115, "column": 0 },
        "end": { "line": 115, "column": 22 }
      },
      "115": {
        "start": { "line": 116, "column": 0 },
        "end": { "line": 116, "column": 26 }
      },
      "116": {
        "start": { "line": 117, "column": 0 },
        "end": { "line": 117, "column": 18 }
      },
      "117": {
        "start": { "line": 118, "column": 0 },
        "end": { "line": 118, "column": 26 }
      },
      "118": {
        "start": { "line": 119, "column": 0 },
        "end": { "line": 119, "column": 22 }
      },
      "119": {
        "start": { "line": 120, "column": 0 },
        "end": { "line": 120, "column": 32 }
      },
      "120": {
        "start": { "line": 121, "column": 0 },
        "end": { "line": 121, "column": 4 }
      },
      "121": {
        "start": { "line": 122, "column": 0 },
        "end": { "line": 122, "column": 3 }
      },
      "122": {
        "start": { "line": 123, "column": 0 },
        "end": { "line": 123, "column": 15 }
      },
      "123": {
        "start": { "line": 124, "column": 0 },
        "end": { "line": 124, "column": 16 }
      },
      "124": {
        "start": { "line": 125, "column": 0 },
        "end": { "line": 125, "column": 22 }
      },
      "125": {
        "start": { "line": 126, "column": 0 },
        "end": { "line": 126, "column": 29 }
      },
      "126": {
        "start": { "line": 127, "column": 0 },
        "end": { "line": 127, "column": 19 }
      },
      "127": {
        "start": { "line": 128, "column": 0 },
        "end": { "line": 128, "column": 25 }
      },
      "128": {
        "start": { "line": 129, "column": 0 },
        "end": { "line": 129, "column": 22 }
      },
      "129": {
        "start": { "line": 130, "column": 0 },
        "end": { "line": 130, "column": 33 }
      },
      "130": {
        "start": { "line": 131, "column": 0 },
        "end": { "line": 131, "column": 4 }
      },
      "133": {
        "start": { "line": 134, "column": 0 },
        "end": { "line": 134, "column": 3 }
      },
      "134": {
        "start": { "line": 135, "column": 0 },
        "end": { "line": 135, "column": 22 }
      },
      "135": {
        "start": { "line": 136, "column": 0 },
        "end": { "line": 136, "column": 20 }
      },
      "136": {
        "start": { "line": 137, "column": 0 },
        "end": { "line": 137, "column": 28 }
      },
      "137": {
        "start": { "line": 138, "column": 0 },
        "end": { "line": 138, "column": 34 }
      },
      "138": {
        "start": { "line": 139, "column": 0 },
        "end": { "line": 139, "column": 18 }
      },
      "139": {
        "start": { "line": 140, "column": 0 },
        "end": { "line": 140, "column": 32 }
      },
      "140": {
        "start": { "line": 141, "column": 0 },
        "end": { "line": 141, "column": 22 }
      },
      "141": {
        "start": { "line": 142, "column": 0 },
        "end": { "line": 142, "column": 33 }
      },
      "142": {
        "start": { "line": 143, "column": 0 },
        "end": { "line": 143, "column": 4 }
      },
      "143": {
        "start": { "line": 144, "column": 0 },
        "end": { "line": 144, "column": 3 }
      },
      "144": {
        "start": { "line": 145, "column": 0 },
        "end": { "line": 145, "column": 21 }
      },
      "145": {
        "start": { "line": 146, "column": 0 },
        "end": { "line": 146, "column": 19 }
      },
      "146": {
        "start": { "line": 147, "column": 0 },
        "end": { "line": 147, "column": 28 }
      },
      "147": {
        "start": { "line": 148, "column": 0 },
        "end": { "line": 148, "column": 30 }
      },
      "148": {
        "start": { "line": 149, "column": 0 },
        "end": { "line": 149, "column": 20 }
      },
      "149": {
        "start": { "line": 150, "column": 0 },
        "end": { "line": 150, "column": 31 }
      },
      "150": {
        "start": { "line": 151, "column": 0 },
        "end": { "line": 151, "column": 22 }
      },
      "151": {
        "start": { "line": 152, "column": 0 },
        "end": { "line": 152, "column": 29 }
      },
      "152": {
        "start": { "line": 153, "column": 0 },
        "end": { "line": 153, "column": 4 }
      },
      "153": {
        "start": { "line": 154, "column": 0 },
        "end": { "line": 154, "column": 3 }
      },
      "154": {
        "start": { "line": 155, "column": 0 },
        "end": { "line": 155, "column": 22 }
      },
      "155": {
        "start": { "line": 156, "column": 0 },
        "end": { "line": 156, "column": 20 }
      },
      "156": {
        "start": { "line": 157, "column": 0 },
        "end": { "line": 157, "column": 28 }
      },
      "157": {
        "start": { "line": 158, "column": 0 },
        "end": { "line": 158, "column": 38 }
      },
      "158": {
        "start": { "line": 159, "column": 0 },
        "end": { "line": 159, "column": 23 }
      },
      "159": {
        "start": { "line": 160, "column": 0 },
        "end": { "line": 160, "column": 32 }
      },
      "160": {
        "start": { "line": 161, "column": 0 },
        "end": { "line": 161, "column": 22 }
      },
      "161": {
        "start": { "line": 162, "column": 0 },
        "end": { "line": 162, "column": 34 }
      },
      "162": {
        "start": { "line": 163, "column": 0 },
        "end": { "line": 163, "column": 4 }
      },
      "163": {
        "start": { "line": 164, "column": 0 },
        "end": { "line": 164, "column": 1 }
      },
      "168": {
        "start": { "line": 169, "column": 0 },
        "end": { "line": 169, "column": 70 }
      },
      "169": {
        "start": { "line": 170, "column": 0 },
        "end": { "line": 170, "column": 55 }
      },
      "170": {
        "start": { "line": 171, "column": 0 },
        "end": { "line": 171, "column": 1 }
      },
      "175": {
        "start": { "line": 176, "column": 0 },
        "end": { "line": 176, "column": 80 }
      },
      "176": {
        "start": { "line": 177, "column": 0 },
        "end": { "line": 177, "column": 69 }
      },
      "177": {
        "start": { "line": 178, "column": 0 },
        "end": { "line": 178, "column": 1 }
      }
    },
    "s": {
      "5": 1,
      "7": 1,
      "8": 1,
      "9": 1,
      "10": 1,
      "11": 1,
      "12": 1,
      "13": 1,
      "14": 1,
      "15": 1,
      "16": 1,
      "17": 1,
      "18": 1,
      "19": 1,
      "20": 1,
      "21": 1,
      "22": 1,
      "23": 1,
      "24": 1,
      "25": 1,
      "26": 1,
      "27": 1,
      "28": 1,
      "29": 1,
      "30": 1,
      "31": 1,
      "32": 1,
      "33": 1,
      "34": 1,
      "35": 1,
      "36": 1,
      "37": 1,
      "38": 1,
      "39": 1,
      "40": 1,
      "41": 1,
      "42": 1,
      "43": 1,
      "44": 1,
      "45": 1,
      "46": 1,
      "47": 1,
      "48": 1,
      "49": 1,
      "50": 1,
      "51": 1,
      "52": 1,
      "53": 1,
      "54": 1,
      "55": 1,
      "56": 1,
      "57": 1,
      "58": 1,
      "59": 1,
      "60": 1,
      "61": 1,
      "62": 1,
      "63": 1,
      "64": 1,
      "65": 1,
      "66": 1,
      "67": 1,
      "68": 1,
      "69": 1,
      "70": 1,
      "71": 1,
      "72": 1,
      "73": 1,
      "74": 1,
      "75": 1,
      "76": 1,
      "79": 1,
      "80": 1,
      "81": 1,
      "82": 1,
      "83": 1,
      "84": 1,
      "85": 1,
      "86": 1,
      "87": 1,
      "88": 1,
      "91": 1,
      "92": 1,
      "93": 1,
      "94": 1,
      "95": 1,
      "96": 1,
      "97": 1,
      "98": 1,
      "99": 1,
      "100": 1,
      "101": 1,
      "102": 1,
      "103": 1,
      "104": 1,
      "105": 1,
      "106": 1,
      "107": 1,
      "108": 1,
      "109": 1,
      "110": 1,
      "111": 1,
      "112": 1,
      "113": 1,
      "114": 1,
      "115": 1,
      "116": 1,
      "117": 1,
      "118": 1,
      "119": 1,
      "120": 1,
      "121": 1,
      "122": 1,
      "123": 1,
      "124": 1,
      "125": 1,
      "126": 1,
      "127": 1,
      "128": 1,
      "129": 1,
      "130": 1,
      "133": 1,
      "134": 1,
      "135": 1,
      "136": 1,
      "137": 1,
      "138": 1,
      "139": 1,
      "140": 1,
      "141": 1,
      "142": 1,
      "143": 1,
      "144": 1,
      "145": 1,
      "146": 1,
      "147": 1,
      "148": 1,
      "149": 1,
      "150": 1,
      "151": 1,
      "152": 1,
      "153": 1,
      "154": 1,
      "155": 1,
      "156": 1,
      "157": 1,
      "158": 1,
      "159": 1,
      "160": 1,
      "161": 1,
      "162": 1,
      "163": 1,
      "168": 1,
      "169": 9,
      "170": 9,
      "175": 1,
      "176": 14,
      "177": 14
    },
    "branchMap": {
      "0": {
        "type": "branch",
        "line": 169,
        "loc": {
          "start": { "line": 169, "column": 28 },
          "end": { "line": 171, "column": 1 }
        },
        "locations": [
          {
            "start": { "line": 169, "column": 28 },
            "end": { "line": 171, "column": 1 }
          }
        ]
      },
      "1": {
        "type": "branch",
        "line": 170,
        "loc": {
          "start": { "line": 170, "column": 28 },
          "end": { "line": 170, "column": 54 }
        },
        "locations": [
          {
            "start": { "line": 170, "column": 28 },
            "end": { "line": 170, "column": 54 }
          }
        ]
      },
      "2": {
        "type": "branch",
        "line": 176,
        "loc": {
          "start": { "line": 176, "column": 35 },
          "end": { "line": 178, "column": 1 }
        },
        "locations": [
          {
            "start": { "line": 176, "column": 35 },
            "end": { "line": 178, "column": 1 }
          }
        ]
      },
      "3": {
        "type": "branch",
        "line": 177,
        "loc": {
          "start": { "line": 177, "column": 30 },
          "end": { "line": 177, "column": 68 }
        },
        "locations": [
          {
            "start": { "line": 177, "column": 30 },
            "end": { "line": 177, "column": 68 }
          }
        ]
      }
    },
    "b": { "0": [9], "1": [121], "2": [14], "3": [210] },
    "fnMap": {
      "0": {
        "name": "getSoundById",
        "decl": {
          "start": { "line": 169, "column": 28 },
          "end": { "line": 171, "column": 1 }
        },
        "loc": {
          "start": { "line": 169, "column": 28 },
          "end": { "line": 171, "column": 1 }
        },
        "line": 169
      },
      "1": {
        "name": "getSoundsByCategory",
        "decl": {
          "start": { "line": 176, "column": 35 },
          "end": { "line": 178, "column": 1 }
        },
        "loc": {
          "start": { "line": 176, "column": 35 },
          "end": { "line": 178, "column": 1 }
        },
        "line": 176
      }
    },
    "f": { "0": 9, "1": 14 }
  },
  "/home/kshiva/prj/github.com/kshiva1126/ambient-flow/src/hooks/useAudioManager.ts": {
    "path": "/home/kshiva/prj/github.com/kshiva1126/ambient-flow/src/hooks/useAudioManager.ts",
    "all": false,
    "statementMap": {
      "0": {
        "start": { "line": 1, "column": 0 },
        "end": { "line": 1, "column": 56 }
      },
      "1": {
        "start": { "line": 2, "column": 0 },
        "end": { "line": 2, "column": 56 }
      },
      "18": {
        "start": { "line": 19, "column": 0 },
        "end": { "line": 19, "column": 61 }
      },
      "19": {
        "start": { "line": 20, "column": 0 },
        "end": { "line": 20, "column": 66 }
      },
      "20": {
        "start": { "line": 21, "column": 0 },
        "end": { "line": 21, "column": 63 }
      },
      "23": {
        "start": { "line": 24, "column": 0 },
        "end": { "line": 24, "column": 49 }
      },
      "24": {
        "start": { "line": 25, "column": 0 },
        "end": { "line": 25, "column": 53 }
      },
      "25": {
        "start": { "line": 26, "column": 0 },
        "end": { "line": 26, "column": 8 }
      },
      "28": {
        "start": { "line": 29, "column": 0 },
        "end": { "line": 29, "column": 42 }
      },
      "29": {
        "start": { "line": 30, "column": 0 },
        "end": { "line": 30, "column": 44 }
      },
      "30": {
        "start": { "line": 31, "column": 0 },
        "end": { "line": 31, "column": 8 }
      },
      "32": {
        "start": { "line": 33, "column": 0 },
        "end": { "line": 33, "column": 27 }
      },
      "33": {
        "start": { "line": 34, "column": 0 },
        "end": { "line": 34, "column": 26 }
      },
      "34": {
        "start": { "line": 35, "column": 0 },
        "end": { "line": 35, "column": 32 }
      },
      "35": {
        "start": { "line": 36, "column": 0 },
        "end": { "line": 36, "column": 27 }
      },
      "36": {
        "start": { "line": 37, "column": 0 },
        "end": { "line": 37, "column": 6 }
      },
      "37": {
        "start": { "line": 38, "column": 0 },
        "end": { "line": 38, "column": 25 }
      },
      "38": {
        "start": { "line": 39, "column": 0 },
        "end": { "line": 39, "column": 3 }
      },
      "40": {
        "start": { "line": 41, "column": 0 },
        "end": { "line": 41, "column": 27 }
      },
      "41": {
        "start": { "line": 42, "column": 0 },
        "end": { "line": 42, "column": 26 }
      },
      "42": {
        "start": { "line": 43, "column": 0 },
        "end": { "line": 43, "column": 32 }
      },
      "43": {
        "start": { "line": 44, "column": 0 },
        "end": { "line": 44, "column": 27 }
      },
      "44": {
        "start": { "line": 45, "column": 0 },
        "end": { "line": 45, "column": 6 }
      },
      "45": {
        "start": { "line": 46, "column": 0 },
        "end": { "line": 46, "column": 25 }
      },
      "46": {
        "start": { "line": 47, "column": 0 },
        "end": { "line": 47, "column": 3 }
      },
      "48": {
        "start": { "line": 49, "column": 0 },
        "end": { "line": 49, "column": 32 }
      },
      "49": {
        "start": { "line": 50, "column": 0 },
        "end": { "line": 50, "column": 42 }
      },
      "50": {
        "start": { "line": 51, "column": 0 },
        "end": { "line": 51, "column": 45 }
      },
      "52": {
        "start": { "line": 53, "column": 0 },
        "end": { "line": 53, "column": 20 }
      },
      "53": {
        "start": { "line": 54, "column": 0 },
        "end": { "line": 54, "column": 6 }
      },
      "54": {
        "start": { "line": 55, "column": 0 },
        "end": { "line": 55, "column": 18 }
      },
      "55": {
        "start": { "line": 56, "column": 0 },
        "end": { "line": 56, "column": 3 }
      },
      "57": {
        "start": { "line": 58, "column": 0 },
        "end": { "line": 58, "column": 29 }
      },
      "58": {
        "start": { "line": 59, "column": 0 },
        "end": { "line": 59, "column": 45 }
      },
      "59": {
        "start": { "line": 60, "column": 0 },
        "end": { "line": 60, "column": 44 }
      },
      "60": {
        "start": { "line": 61, "column": 0 },
        "end": { "line": 61, "column": 27 }
      },
      "61": {
        "start": { "line": 62, "column": 0 },
        "end": { "line": 62, "column": 6 }
      },
      "62": {
        "start": { "line": 63, "column": 0 },
        "end": { "line": 63, "column": 25 }
      },
      "63": {
        "start": { "line": 64, "column": 0 },
        "end": { "line": 64, "column": 3 }
      },
      "65": {
        "start": { "line": 66, "column": 0 },
        "end": { "line": 66, "column": 30 }
      },
      "66": {
        "start": { "line": 67, "column": 0 },
        "end": { "line": 67, "column": 45 }
      },
      "67": {
        "start": { "line": 68, "column": 0 },
        "end": { "line": 68, "column": 45 }
      },
      "68": {
        "start": { "line": 69, "column": 0 },
        "end": { "line": 69, "column": 24 }
      },
      "69": {
        "start": { "line": 70, "column": 0 },
        "end": { "line": 70, "column": 29 }
      },
      "70": {
        "start": { "line": 71, "column": 0 },
        "end": { "line": 71, "column": 26 }
      },
      "71": {
        "start": { "line": 72, "column": 0 },
        "end": { "line": 72, "column": 6 }
      },
      "72": {
        "start": { "line": 73, "column": 0 },
        "end": { "line": 73, "column": 25 }
      },
      "73": {
        "start": { "line": 74, "column": 0 },
        "end": { "line": 74, "column": 3 }
      },
      "75": {
        "start": { "line": 76, "column": 0 },
        "end": { "line": 76, "column": 37 }
      },
      "76": {
        "start": { "line": 77, "column": 0 },
        "end": { "line": 77, "column": 26 }
      },
      "77": {
        "start": { "line": 78, "column": 0 },
        "end": { "line": 78, "column": 25 }
      },
      "78": {
        "start": { "line": 79, "column": 0 },
        "end": { "line": 79, "column": 27 }
      },
      "80": {
        "start": { "line": 81, "column": 0 },
        "end": { "line": 81, "column": 54 }
      },
      "81": {
        "start": { "line": 82, "column": 0 },
        "end": { "line": 82, "column": 42 }
      },
      "82": {
        "start": { "line": 83, "column": 0 },
        "end": { "line": 83, "column": 8 }
      },
      "84": {
        "start": { "line": 85, "column": 0 },
        "end": { "line": 85, "column": 32 }
      },
      "85": {
        "start": { "line": 86, "column": 0 },
        "end": { "line": 86, "column": 26 }
      },
      "86": {
        "start": { "line": 87, "column": 0 },
        "end": { "line": 87, "column": 44 }
      },
      "87": {
        "start": { "line": 88, "column": 0 },
        "end": { "line": 88, "column": 6 }
      },
      "88": {
        "start": { "line": 89, "column": 0 },
        "end": { "line": 89, "column": 23 }
      },
      "89": {
        "start": { "line": 90, "column": 0 },
        "end": { "line": 90, "column": 3 }
      },
      "91": {
        "start": { "line": 92, "column": 0 },
        "end": { "line": 92, "column": 32 }
      },
      "92": {
        "start": { "line": 93, "column": 0 },
        "end": { "line": 93, "column": 30 }
      },
      "93": {
        "start": { "line": 94, "column": 0 },
        "end": { "line": 94, "column": 31 }
      },
      "95": {
        "start": { "line": 96, "column": 0 },
        "end": { "line": 96, "column": 20 }
      },
      "96": {
        "start": { "line": 97, "column": 0 },
        "end": { "line": 97, "column": 6 }
      },
      "97": {
        "start": { "line": 98, "column": 0 },
        "end": { "line": 98, "column": 18 }
      },
      "98": {
        "start": { "line": 99, "column": 0 },
        "end": { "line": 99, "column": 3 }
      },
      "100": {
        "start": { "line": 101, "column": 0 },
        "end": { "line": 101, "column": 34 }
      },
      "101": {
        "start": { "line": 102, "column": 0 },
        "end": { "line": 102, "column": 26 }
      },
      "102": {
        "start": { "line": 103, "column": 0 },
        "end": { "line": 103, "column": 34 }
      },
      "103": {
        "start": { "line": 104, "column": 0 },
        "end": { "line": 104, "column": 27 }
      },
      "104": {
        "start": { "line": 105, "column": 0 },
        "end": { "line": 105, "column": 6 }
      },
      "105": {
        "start": { "line": 106, "column": 0 },
        "end": { "line": 106, "column": 25 }
      },
      "106": {
        "start": { "line": 107, "column": 0 },
        "end": { "line": 107, "column": 3 }
      },
      "109": {
        "start": { "line": 110, "column": 0 },
        "end": { "line": 110, "column": 19 }
      },
      "110": {
        "start": { "line": 111, "column": 0 },
        "end": { "line": 111, "column": 18 }
      },
      "111": {
        "start": { "line": 112, "column": 0 },
        "end": { "line": 112, "column": 33 }
      },
      "112": {
        "start": { "line": 113, "column": 0 },
        "end": { "line": 113, "column": 5 }
      },
      "113": {
        "start": { "line": 114, "column": 0 },
        "end": { "line": 114, "column": 8 }
      },
      "115": {
        "start": { "line": 116, "column": 0 },
        "end": { "line": 116, "column": 10 }
      },
      "116": {
        "start": { "line": 117, "column": 0 },
        "end": { "line": 117, "column": 18 }
      },
      "117": {
        "start": { "line": 118, "column": 0 },
        "end": { "line": 118, "column": 9 }
      },
      "118": {
        "start": { "line": 119, "column": 0 },
        "end": { "line": 119, "column": 9 }
      },
      "119": {
        "start": { "line": 120, "column": 0 },
        "end": { "line": 120, "column": 14 }
      },
      "120": {
        "start": { "line": 121, "column": 0 },
        "end": { "line": 121, "column": 11 }
      },
      "121": {
        "start": { "line": 122, "column": 0 },
        "end": { "line": 122, "column": 12 }
      },
      "122": {
        "start": { "line": 123, "column": 0 },
        "end": { "line": 123, "column": 12 }
      },
      "123": {
        "start": { "line": 124, "column": 0 },
        "end": { "line": 124, "column": 14 }
      },
      "124": {
        "start": { "line": 125, "column": 0 },
        "end": { "line": 125, "column": 14 }
      },
      "125": {
        "start": { "line": 126, "column": 0 },
        "end": { "line": 126, "column": 14 }
      },
      "126": {
        "start": { "line": 127, "column": 0 },
        "end": { "line": 127, "column": 16 }
      },
      "127": {
        "start": { "line": 128, "column": 0 },
        "end": { "line": 128, "column": 3 }
      },
      "128": {
        "start": { "line": 129, "column": 0 },
        "end": { "line": 129, "column": 1 }
      }
    },
    "s": {
      "0": 1,
      "1": 1,
      "18": 1,
      "19": 27,
      "20": 27,
      "23": 27,
      "24": 9,
      "25": 27,
      "28": 27,
      "29": 2,
      "30": 27,
      "32": 27,
      "33": 27,
      "34": 2,
      "35": 2,
      "36": 2,
      "37": 27,
      "38": 27,
      "40": 27,
      "41": 27,
      "42": 1,
      "43": 1,
      "44": 1,
      "45": 27,
      "46": 27,
      "48": 27,
      "49": 27,
      "50": 1,
      "52": 1,
      "53": 1,
      "54": 27,
      "55": 27,
      "57": 27,
      "58": 27,
      "59": 2,
      "60": 2,
      "61": 2,
      "62": 27,
      "63": 27,
      "65": 27,
      "66": 27,
      "67": 2,
      "68": 2,
      "69": 2,
      "70": 2,
      "71": 2,
      "72": 27,
      "73": 27,
      "75": 27,
      "76": 1,
      "77": 1,
      "78": 27,
      "80": 27,
      "81": 1,
      "82": 27,
      "84": 27,
      "85": 27,
      "86": 1,
      "87": 1,
      "88": 27,
      "89": 27,
      "91": 27,
      "92": 27,
      "93": 1,
      "95": 1,
      "96": 1,
      "97": 27,
      "98": 27,
      "100": 27,
      "101": 27,
      "102": 1,
      "103": 1,
      "104": 1,
      "105": 27,
      "106": 27,
      "109": 27,
      "110": 15,
      "111": 15,
      "112": 15,
      "113": 27,
      "115": 27,
      "116": 27,
      "117": 27,
      "118": 27,
      "119": 27,
      "120": 27,
      "121": 27,
      "122": 27,
      "123": 27,
      "124": 27,
      "125": 27,
      "126": 27,
      "127": 27,
      "128": 27
    },
    "branchMap": {
      "0": {
        "type": "branch",
        "line": 19,
        "loc": {
          "start": { "line": 19, "column": 31 },
          "end": { "line": 129, "column": 1 }
        },
        "locations": [
          {
            "start": { "line": 19, "column": 31 },
            "end": { "line": 129, "column": 1 }
          }
        ]
      },
      "1": {
        "type": "branch",
        "line": 24,
        "loc": {
          "start": { "line": 24, "column": 42 },
          "end": { "line": 26, "column": 5 }
        },
        "locations": [
          {
            "start": { "line": 24, "column": 42 },
            "end": { "line": 26, "column": 5 }
          }
        ]
      },
      "2": {
        "type": "branch",
        "line": 29,
        "loc": {
          "start": { "line": 29, "column": 35 },
          "end": { "line": 31, "column": 5 }
        },
        "locations": [
          {
            "start": { "line": 29, "column": 35 },
            "end": { "line": 31, "column": 5 }
          }
        ]
      },
      "3": {
        "type": "branch",
        "line": 30,
        "loc": {
          "start": { "line": 30, "column": 25 },
          "end": { "line": 30, "column": 43 }
        },
        "locations": [
          {
            "start": { "line": 30, "column": 25 },
            "end": { "line": 30, "column": 43 }
          }
        ]
      },
      "4": {
        "type": "branch",
        "line": 34,
        "loc": {
          "start": { "line": 34, "column": 4 },
          "end": { "line": 37, "column": 6 }
        },
        "locations": [
          {
            "start": { "line": 34, "column": 4 },
            "end": { "line": 37, "column": 6 }
          }
        ]
      },
      "5": {
        "type": "branch",
        "line": 42,
        "loc": {
          "start": { "line": 42, "column": 4 },
          "end": { "line": 45, "column": 6 }
        },
        "locations": [
          {
            "start": { "line": 42, "column": 4 },
            "end": { "line": 45, "column": 6 }
          }
        ]
      },
      "6": {
        "type": "branch",
        "line": 50,
        "loc": {
          "start": { "line": 50, "column": 4 },
          "end": { "line": 54, "column": 6 }
        },
        "locations": [
          {
            "start": { "line": 50, "column": 4 },
            "end": { "line": 54, "column": 6 }
          }
        ]
      },
      "7": {
        "type": "branch",
        "line": 59,
        "loc": {
          "start": { "line": 59, "column": 4 },
          "end": { "line": 62, "column": 6 }
        },
        "locations": [
          {
            "start": { "line": 59, "column": 4 },
            "end": { "line": 62, "column": 6 }
          }
        ]
      },
      "8": {
        "type": "branch",
        "line": 67,
        "loc": {
          "start": { "line": 67, "column": 4 },
          "end": { "line": 72, "column": 6 }
        },
        "locations": [
          {
            "start": { "line": 67, "column": 4 },
            "end": { "line": 72, "column": 6 }
          }
        ]
      },
      "9": {
        "type": "branch",
        "line": 71,
        "loc": {
          "start": { "line": 71, "column": 9 },
          "end": { "line": 71, "column": 25 }
        },
        "locations": [
          {
            "start": { "line": 71, "column": 9 },
[...]
        "line": 58,
        "loc": {
          "start": { "line": 58, "column": 2 },
          "end": { "line": 60, "column": 27 }
        },
        "locations": [
          {
            "start": { "line": 58, "column": 2 },
            "end": { "line": 60, "column": 27 }
          }
        ]
      },
      "6": {
        "type": "branch",
        "line": 60,
        "loc": {
          "start": { "line": 60, "column": 27 },
          "end": { "line": 63, "column": 3 }
        },
        "locations": [
          {
            "start": { "line": 60, "column": 27 },
            "end": { "line": 63, "column": 3 }
          }
        ]
      },
      "7": {
        "type": "branch",
        "line": 69,
        "loc": {
          "start": { "line": 69, "column": 20 },
          "end": { "line": 79, "column": 1 }
        },
        "locations": [
          {
            "start": { "line": 69, "column": 20 },
            "end": { "line": 79, "column": 1 }
          }
        ]
      },
      "8": {
        "type": "branch",
        "line": 71,
        "loc": {
          "start": { "line": 71, "column": 17 },
          "end": { "line": 73, "column": 3 }
        },
        "locations": [
          {
            "start": { "line": 71, "column": 17 },
            "end": { "line": 73, "column": 3 }
          }
        ]
      },
      "9": {
        "type": "branch",
        "line": 73,
        "loc": {
          "start": { "line": 73, "column": 2 },
          "end": { "line": 75, "column": 26 }
        },
        "locations": [
          {
            "start": { "line": 73, "column": 2 },
            "end": { "line": 75, "column": 26 }
          }
        ]
      },
      "10": {
        "type": "branch",
        "line": 75,
        "loc": {
          "start": { "line": 75, "column": 26 },
          "end": { "line": 78, "column": 3 }
        },
        "locations": [
          {
            "start": { "line": 75, "column": 26 },
            "end": { "line": 78, "column": 3 }
          }
        ]
      },
      "11": {
        "type": "branch",
        "line": 84,
        "loc": {
          "start": { "line": 84, "column": 25 },
          "end": { "line": 94, "column": 1 }
        },
        "locations": [
          {
            "start": { "line": 84, "column": 25 },
            "end": { "line": 94, "column": 1 }
          }
        ]
      },
      "12": {
        "type": "branch",
        "line": 86,
        "loc": {
          "start": { "line": 86, "column": 17 },
          "end": { "line": 88, "column": 3 }
        },
        "locations": [
          {
            "start": { "line": 86, "column": 17 },
            "end": { "line": 88, "column": 3 }
          }
        ]
      },
      "13": {
        "type": "branch",
        "line": 88,
        "loc": {
          "start": { "line": 88, "column": 2 },
          "end": { "line": 94, "column": 1 }
        },
        "locations": [
          {
            "start": { "line": 88, "column": 2 },
            "end": { "line": 94, "column": 1 }
          }
        ]
      },
      "14": {
        "type": "branch",
        "line": 99,
        "loc": {
          "start": { "line": 99, "column": 22 },
          "end": { "line": 110, "column": 1 }
        },
        "locations": [
          {
            "start": { "line": 99, "column": 22 },
            "end": { "line": 110, "column": 1 }
          }
        ]
      },
      "15": {
        "type": "branch",
        "line": 101,
        "loc": {
          "start": { "line": 101, "column": 17 },
          "end": { "line": 109, "column": 3 }
        },
        "locations": [
          {
            "start": { "line": 101, "column": 17 },
            "end": { "line": 109, "column": 3 }
          }
        ]
      },
      "16": {
        "type": "branch",
        "line": 115,
        "loc": {
          "start": { "line": 115, "column": 23 },
          "end": { "line": 129, "column": 1 }
        },
        "locations": [
          {
            "start": { "line": 115, "column": 23 },
            "end": { "line": 129, "column": 1 }
          }
        ]
      },
      "17": {
        "type": "branch",
        "line": 117,
        "loc": {
          "start": { "line": 117, "column": 17 },
          "end": { "line": 119, "column": 3 }
        },
        "locations": [
          {
            "start": { "line": 117, "column": 17 },
            "end": { "line": 119, "column": 3 }
          }
        ]
      },
      "18": {
        "type": "branch",
        "line": 119,
        "loc": {
          "start": { "line": 119, "column": 2 },
          "end": { "line": 129, "column": 1 }
        },
        "locations": [
          {
            "start": { "line": 119, "column": 2 },
            "end": { "line": 129, "column": 1 }
          }
        ]
      },
      "19": {
        "type": "branch",
        "line": 122,
        "loc": {
          "start": { "line": 122, "column": 13 },
          "end": { "line": 128, "column": 5 }
        },
        "locations": [
          {
            "start": { "line": 122, "column": 13 },
            "end": { "line": 128, "column": 5 }
          }
        ]
      },
      "20": {
        "type": "branch",
        "line": 123,
        "loc": {
          "start": { "line": 123, "column": 38 },
          "end": { "line": 127, "column": 5 }
        },
        "locations": [
          {
            "start": { "line": 123, "column": 38 },
            "end": { "line": 127, "column": 5 }
          }
        ]
      },
      "21": {
        "type": "branch",
        "line": 134,
        "loc": {
          "start": { "line": 134, "column": 23 },
          "end": { "line": 141, "column": 1 }
        },
        "locations": [
          {
            "start": { "line": 134, "column": 23 },
            "end": { "line": 141, "column": 1 }
          }
        ]
      },
      "22": {
        "type": "branch",
        "line": 135,
        "loc": {
          "start": { "line": 135, "column": 25 },
          "end": { "line": 140, "column": 3 }
        },
        "locations": [
          {
            "start": { "line": 135, "column": 25 },
            "end": { "line": 140, "column": 3 }
          }
        ]
      },
      "23": {
        "type": "branch",
        "line": 146,
        "loc": {
          "start": { "line": 146, "column": 28 },
          "end": { "line": 153, "column": 1 }
        },
        "locations": [
          {
            "start": { "line": 146, "column": 28 },
            "end": { "line": 153, "column": 1 }
          }
        ]
      },
      "24": {
        "type": "branch",
        "line": 147,
        "loc": {
          "start": { "line": 147, "column": 25 },
          "end": { "line": 152, "column": 3 }
        },
        "locations": [
          {
            "start": { "line": 147, "column": 25 },
            "end": { "line": 152, "column": 3 }
          }
        ]
      },
      "25": {
        "type": "branch",
        "line": 148,
        "loc": {
          "start": { "line": 148, "column": 29 },
          "end": { "line": 151, "column": 5 }
        },
        "locations": [
          {
            "start": { "line": 148, "column": 29 },
            "end": { "line": 151, "column": 5 }
          }
        ]
      },
      "26": {
        "type": "branch",
        "line": 158,
        "loc": {
          "start": { "line": 158, "column": 22 },
          "end": { "line": 164, "column": 1 }
        },
        "locations": [
          {
            "start": { "line": 158, "column": 22 },
            "end": { "line": 164, "column": 1 }
          }
        ]
      },
      "27": {
        "type": "branch",
        "line": 160,
        "loc": {
          "start": { "line": 160, "column": 16 },
          "end": { "line": 163, "column": 3 }
        },
        "locations": [
          {
            "start": { "line": 160, "column": 16 },
            "end": { "line": 163, "column": 3 }
          }
        ]
      },
      "28": {
        "type": "branch",
        "line": 169,
        "loc": {
          "start": { "line": 169, "column": 32 },
          "end": { "line": 173, "column": 1 }
        },
        "locations": [
          {
            "start": { "line": 169, "column": 32 },
            "end": { "line": 173, "column": 1 }
          }
        ]
      },
      "29": {
        "type": "branch",
        "line": 171,
        "loc": {
          "start": { "line": 171, "column": 12 },
          "end": { "line": 171, "column": 48 }
        },
        "locations": [
          {
            "start": { "line": 171, "column": 12 },
            "end": { "line": 171, "column": 48 }
          }
        ]
      },
      "30": {
        "type": "branch",
        "line": 172,
        "loc": {
          "start": { "line": 172, "column": 9 },
          "end": { "line": 172, "column": 21 }
        },
        "locations": [
          {
            "start": { "line": 172, "column": 9 },
            "end": { "line": 172, "column": 21 }
          }
        ]
      },
      "31": {
        "type": "branch",
        "line": 178,
        "loc": {
          "start": { "line": 178, "column": 25 },
          "end": { "line": 181, "column": 1 }
        },
        "locations": [
          {
            "start": { "line": 178, "column": 25 },
            "end": { "line": 181, "column": 1 }
          }
        ]
      },
      "32": {
        "type": "branch",
        "line": 180,
        "loc": {
          "start": { "line": 180, "column": 9 },
          "end": { "line": 180, "column": 32 }
        },
        "locations": [
          {
            "start": { "line": 180, "column": 9 },
            "end": { "line": 180, "column": 32 }
          }
        ]
      },
      "33": {
        "type": "branch",
        "line": 180,
        "loc": {
          "start": { "line": 180, "column": 19 },
          "end": { "line": 180, "column": 37 }
        },
        "locations": [
          {
            "start": { "line": 180, "column": 19 },
            "end": { "line": 180, "column": 37 }
          }
        ]
      },
      "34": {
        "type": "branch",
        "line": 186,
        "loc": {
          "start": { "line": 186, "column": 25 },
          "end": { "line": 195, "column": 1 }
        },
        "locations": [
          {
            "start": { "line": 186, "column": 25 },
            "end": { "line": 195, "column": 1 }
          }
        ]
      },
      "35": {
        "type": "branch",
        "line": 188,
        "loc": {
          "start": { "line": 188, "column": 16 },
          "end": { "line": 194, "column": 22 }
        },
        "locations": [
          {
            "start": { "line": 188, "column": 16 },
            "end": { "line": 194, "column": 22 }
          }
        ]
      },
      "36": {
        "type": "branch",
        "line": 194,
        "loc": {
          "start": { "line": 194, "column": 9 },
          "end": { "line": 194, "column": 39 }
        },
        "locations": [
          {
            "start": { "line": 194, "column": 9 },
            "end": { "line": 194, "column": 39 }
          }
        ]
      },
      "37": {
        "type": "branch",
        "line": 194,
        "loc": {
          "start": { "line": 194, "column": 22 },
          "end": { "line": 194, "column": 40 }
        },
        "locations": [
          {
            "start": { "line": 194, "column": 22 },
            "end": { "line": 194, "column": 40 }
          }
        ]
      },
      "38": {
        "type": "branch",
        "line": 200,
        "loc": {
          "start": { "line": 200, "column": 24 },
          "end": { "line": 205, "column": 1 }
        },
        "locations": [
          {
            "start": { "line": 200, "column": 24 },
            "end": { "line": 205, "column": 1 }
          }
        ]
      },
      "39": {
        "type": "branch",
        "line": 201,
        "loc": {
          "start": { "line": 201, "column": 25 },
          "end": { "line": 203, "column": 3 }
        },
        "locations": [
          {
            "start": { "line": 201, "column": 25 },
            "end": { "line": 203, "column": 3 }
          }
        ]
      }
    },
    "b": {
      "0": [38],
      "1": [1],
      "2": [37],
      "3": [21],
      "4": [1],
      "5": [20],
      "6": [19],
      "7": [5],
      "8": [1],
      "9": [4],
      "10": [3],
      "11": [5],
      "12": [1],
      "13": [4],
      "14": [2],
      "15": [1],
      "16": [3],
      "17": [1],
      "18": [2],
      "19": [1],
      "20": [0],
      "21": [1],
      "22": [2],
      "23": [1],
      "24": [2],
      "25": [1],
      "26": [2],
      "27": [1],
      "28": [3],
      "29": [6],
      "30": [3],
      "31": [14],
      "32": [12],
      "33": [2],
      "34": [10],
      "35": [5],
      "36": [0],
      "37": [5],
      "38": [63],
      "39": [35]
    },
    "fnMap": {
      "0": {
        "name": "load",
        "decl": {
          "start": { "line": 23, "column": 20 },
          "end": { "line": 48, "column": 1 }
        },
        "loc": {
          "start": { "line": 23, "column": 20 },
          "end": { "line": 48, "column": 1 }
        },
        "line": 23
      },
      "1": {
        "name": "onloaderror",
        "decl": {
          "start": { "line": 34, "column": 17 },
          "end": { "line": 36, "column": 6 }
        },
        "loc": {
          "start": { "line": 34, "column": 17 },
          "end": { "line": 36, "column": 6 }
        },
        "line": 34
      },
      "2": {
        "name": "onplayerror",
        "decl": {
          "start": { "line": 37, "column": 17 },
          "end": { "line": 39, "column": 6 }
        },
        "loc": {
          "start": { "line": 37, "column": 17 },
          "end": { "line": 39, "column": 6 }
        },
        "line": 37
      },
      "3": {
        "name": "play",
        "decl": {
          "start": { "line": 53, "column": 20 },
          "end": { "line": 64, "column": 1 }
        },
        "loc": {
          "start": { "line": 53, "column": 20 },
          "end": { "line": 64, "column": 1 }
        },
        "line": 53
      },
      "4": {
        "name": "stop",
        "decl": {
          "start": { "line": 69, "column": 20 },
          "end": { "line": 79, "column": 1 }
        },
        "loc": {
          "start": { "line": 69, "column": 20 },
          "end": { "line": 79, "column": 1 }
        },
        "line": 69
      },
      "5": {
        "name": "setVolume",
        "decl": {
          "start": { "line": 84, "column": 25 },
          "end": { "line": 94, "column": 1 }
        },
        "loc": {
          "start": { "line": 84, "column": 25 },
          "end": { "line": 94, "column": 1 }
        },
        "line": 84
      },
      "6": {
        "name": "fadeIn",
        "decl": {
          "start": { "line": 99, "column": 22 },
          "end": { "line": 110, "column": 1 }
        },
        "loc": {
          "start": { "line": 99, "column": 22 },
          "end": { "line": 110, "column": 1 }
        },
        "line": 99
      },
      "7": {
        "name": "fadeOut",
        "decl": {
          "start": { "line": 115, "column": 23 },
          "end": { "line": 129, "column": 1 }
        },
        "loc": {
          "start": { "line": 115, "column": 23 },
          "end": { "line": 129, "column": 1 }
        },
        "line": 115
      },
      "8": {
        "name": "stopAll",
        "decl": {
          "start": { "line": 134, "column": 23 },
          "end": { "line": 141, "column": 1 }
        },
        "loc": {
          "start": { "line": 134, "column": 23 },
          "end": { "line": 141, "column": 1 }
        },
        "line": 134
      },
      "9": {
        "name": "unloadUnused",
        "decl": {
          "start": { "line": 146, "column": 28 },
          "end": { "line": 153, "column": 1 }
        },
        "loc": {
          "start": { "line": 146, "column": 28 },
          "end": { "line": 153, "column": 1 }
        },
        "line": 146
      },
      "10": {
        "name": "unload",
        "decl": {
          "start": { "line": 158, "column": 22 },
          "end": { "line": 164, "column": 1 }
        },
        "loc": {
          "start": { "line": 158, "column": 22 },
          "end": { "line": 164, "column": 1 }
        },
        "line": 158
      },
      "11": {
        "name": "getPlayingSounds",
        "decl": {
          "start": { "line": 169, "column": 32 },
          "end": { "line": 173, "column": 1 }
        },
        "loc": {
          "start": { "line": 169, "column": 32 },
          "end": { "line": 173, "column": 1 }
        },
        "line": 169
      },
      "12": {
        "name": "isPlaying",
        "decl": {
          "start": { "line": 178, "column": 25 },
          "end": { "line": 181, "column": 1 }
        },
        "loc": {
          "start": { "line": 178, "column": 25 },
          "end": { "line": 181, "column": 1 }
        },
        "line": 178
      },
      "13": {
        "name": "getVolume",
        "decl": {
          "start": { "line": 186, "column": 25 },
          "end": { "line": 195, "column": 1 }
        },
        "loc": {
          "start": { "line": 186, "column": 25 },
          "end": { "line": 195, "column": 1 }
        },
        "line": 186
      },
      "14": {
        "name": "clearAll",
        "decl": {
          "start": { "line": 200, "column": 24 },
          "end": { "line": 205, "column": 1 }
        },
        "loc": {
          "start": { "line": 200, "column": 24 },
          "end": { "line": 205, "column": 1 }
        },
        "line": 200
      }
    },
    "f": {
      "0": 38,
      "1": 0,
      "2": 0,
      "3": 21,
      "4": 5,
      "5": 5,
      "6": 2,
      "7": 3,
      "8": 1,
      "9": 1,
      "10": 2,
      "11": 3,
      "12": 14,
      "13": 10,
      "14": 63
    }
  },
  "/home/kshiva/prj/github.com/kshiva1126/ambient-flow/src/types/index.ts": {
    "path": "/home/kshiva/prj/github.com/kshiva1126/ambient-flow/src/types/index.ts",
    "all": true,
    "statementMap": {
      "0": {
        "start": { "line": 1, "column": 0 },
        "end": { "line": 1, "column": 23 }
      }
    },
    "s": { "0": 0 },
    "branchMap": {
      "0": {
        "type": "branch",
        "line": 1,
        "loc": {
          "start": { "line": 1, "column": 0 },
          "end": { "line": 1, "column": 23 }
        },
        "locations": [
          {
            "start": { "line": 1, "column": 0 },
            "end": { "line": 1, "column": 23 }
          }
        ]
      }
    },
    "b": { "0": [0] },
    "fnMap": {
      "0": {
        "name": "(empty-report)",
        "decl": {
          "start": { "line": 1, "column": 0 },
          "end": { "line": 1, "column": 23 }
        },
        "loc": {
          "start": { "line": 1, "column": 0 },
          "end": { "line": 1, "column": 23 }
        },
        "line": 1
      }
    },
    "f": { "0": 0 }
  },
  "/home/kshiva/prj/github.com/kshiva1126/ambient-flow/src/types/sound.ts": {
    "path": "/home/kshiva/prj/github.com/kshiva1126/ambient-flow/src/types/sound.ts",
    "all": true,
    "statementMap": {},
    "s": {},
    "branchMap": {
      "0": {
        "type": "branch",
        "line": 1,
        "loc": {
          "start": { "line": 1, "column": 707 },
          "end": { "line": 47, "column": 1 }
        },
        "locations": [
          {
            "start": { "line": 1, "column": 707 },
            "end": { "line": 47, "column": 1 }
          }
        ]
      }
    },
    "b": { "0": [1] },
    "fnMap": {
      "0": {
        "name": "(empty-report)",
        "decl": {
          "start": { "line": 1, "column": 707 },
          "end": { "line": 47, "column": 1 }
        },
        "loc": {
          "start": { "line": 1, "column": 707 },
          "end": { "line": 47, "column": 1 }
        },
        "line": 1
      }
    },
    "f": { "0": 1 }
  }
}
